# JRE version: OpenJDK Runtime Environment (17.0.8.1+1) (build 17.0.8.1+1)
# Java VM: OpenJDK 64-Bit Server VM (17.0.8.1+1, mixed mode, tiered, compressed oops, compressed class ptrs, g1 gc, linux-amd64)
GC Precious Log:
 CPUs: 8 total, 8 available
 Memory: 23997M
 Large Page Support: Disabled
 NUMA Support: Disabled
 Compressed Oops: Enabled (Zero based)
 Heap Region Size: 4M
 Heap Min Capacity: 8M
 Heap Initial Capacity: 376M
 Heap Max Capacity: 6000M
 Pre-touch: Disabled
 Parallel Workers: 8
 Concurrent Workers: 2
 Concurrent Refinement Workers: 8
 Periodic GC: Disabled
Heap:
 garbage-first heap   total 212992K, used 24631K [0x0000000689000000, 0x0000000800000000)
  region size 4096K, 5 young (20480K), 1 survivors (4096K)
 Metaspace       used 32780K, committed 33024K, reserved 1114112K
  class space    used 3662K, committed 3776K, reserved 1048576K
GC Heap History (12 events):
Event: 0,690 GC heap before
{Heap before GC invocations=0 (full 0):
 garbage-first heap   total 385024K, used 20480K [0x0000000689000000, 0x0000000800000000)
  region size 4096K, 5 young (20480K), 0 survivors (0K)
 Metaspace       used 13458K, committed 13568K, reserved 1114112K
  class space    used 1352K, committed 1408K, reserved 1048576K
}
Event: 0,694 GC heap after
{Heap after GC invocations=1 (full 0):
 garbage-first heap   total 385024K, used 3682K [0x0000000689000000, 0x0000000800000000)
  region size 4096K, 1 young (4096K), 1 survivors (4096K)
 Metaspace       used 13458K, committed 13568K, reserved 1114112K
  class space    used 1352K, committed 1408K, reserved 1048576K
}
Event: 1,001 GC heap before
{Heap before GC invocations=1 (full 0):
 garbage-first heap   total 385024K, used 20066K [0x0000000689000000, 0x0000000800000000)
  region size 4096K, 6 young (24576K), 1 survivors (4096K)
 Metaspace       used 15827K, committed 16000K, reserved 1114112K
  class space    used 1645K, committed 1728K, reserved 1048576K
}
Event: 1,006 GC heap after
{Heap after GC invocations=2 (full 0):
 garbage-first heap   total 385024K, used 4615K [0x0000000689000000, 0x0000000800000000)
  region size 4096K, 1 young (4096K), 1 survivors (4096K)
 Metaspace       used 15827K, committed 16000K, reserved 1114112K
  class space    used 1645K, committed 1728K, reserved 1048576K
}
Event: 1,595 GC heap before
{Heap before GC invocations=2 (full 0):
 garbage-first heap   total 385024K, used 29191K [0x0000000689000000, 0x0000000800000000)
  region size 4096K, 8 young (32768K), 1 survivors (4096K)
 Metaspace       used 21361K, committed 21504K, reserved 1114112K
  class space    used 2354K, committed 2432K, reserved 1048576K
}
Event: 1,599 GC heap after
{Heap after GC invocations=3 (full 0):
 garbage-first heap   total 385024K, used 6982K [0x0000000689000000, 0x0000000800000000)
  region size 4096K, 1 young (4096K), 1 survivors (4096K)
 Metaspace       used 21361K, committed 21504K, reserved 1114112K
  class space    used 2354K, committed 2432K, reserved 1048576K
}
Event: 2,007 GC heap before
{Heap before GC invocations=4 (full 0):
 garbage-first heap   total 40960K, used 27462K [0x0000000689000000, 0x0000000800000000)
  region size 4096K, 6 young (24576K), 1 survivors (4096K)
 Metaspace       used 26156K, committed 26368K, reserved 1114112K
  class space    used 2870K, committed 2944K, reserved 1048576K
}
Event: 2,015 GC heap after
{Heap after GC invocations=5 (full 0):
 garbage-first heap   total 40960K, used 9994K [0x0000000689000000, 0x0000000800000000)
  region size 4096K, 1 young (4096K), 1 survivors (4096K)
 Metaspace       used 26156K, committed 26368K, reserved 1114112K
  class space    used 2870K, committed 2944K, reserved 1048576K
}
Event: 2,077 GC heap before
{Heap before GC invocations=5 (full 0):
 garbage-first heap   total 40960K, used 14090K [0x0000000689000000, 0x0000000800000000)
  region size 4096K, 2 young (8192K), 1 survivors (4096K)
 Metaspace       used 27096K, committed 27328K, reserved 1114112K
  class space    used 3010K, committed 3072K, reserved 1048576K
}
Event: 2,087 GC heap after
{Heap after GC invocations=6 (full 0):
 garbage-first heap   total 40960K, used 10919K [0x0000000689000000, 0x0000000800000000)
  region size 4096K, 1 young (4096K), 1 survivors (4096K)
 Metaspace       used 27096K, committed 27328K, reserved 1114112K
  class space    used 3010K, committed 3072K, reserved 1048576K
}
Event: 2,720 GC heap before
{Heap before GC invocations=6 (full 0):
 garbage-first heap   total 40960K, used 23207K [0x0000000689000000, 0x0000000800000000)
  region size 4096K, 4 young (16384K), 1 survivors (4096K)
 Metaspace       used 31955K, committed 32192K, reserved 1114112K
  class space    used 3577K, committed 3648K, reserved 1048576K
}
Event: 2,726 GC heap after
{Heap after GC invocations=7 (full 0):
 garbage-first heap   total 212992K, used 12343K [0x0000000689000000, 0x0000000800000000)
  region size 4096K, 1 young (4096K), 1 survivors (4096K)
 Metaspace       used 31955K, committed 32192K, reserved 1114112K
  class space    used 3577K, committed 3648K, reserved 1048576K
}

